<?xml version="1.0" encoding="UTF-8"?>
<!-- Generated by org.testng.reporters.JUnitReportReporter -->
<testsuite skipped="0" hostname="nbsc11p14w-0006" name="suite.test.AboutPageTest" tests="6" failures="0" timestamp="07 Sep 2020 05:02:26 GMT" time="272.466" errors="0">
  <testcase name="tc_1" time="51.939" classname="suite.test.AboutPageTest"/>
  <testcase name="tc_3" time="44.659" classname="suite.test.AboutPageTest"/>
  <testcase name="tc_6" time="44.059" classname="suite.test.AboutPageTest"/>
  <testcase name="tc_2" time="38.313" classname="suite.test.AboutPageTest"/>
  <testcase name="tc_4" time="42.865" classname="suite.test.AboutPageTest"/>
  <testcase name="tc_5" time="50.631" classname="suite.test.AboutPageTest"/>
</testsuite> <!-- suite.test.AboutPageTest -->
