<?xml version="1.0" encoding="UTF-8"?>
<!-- Generated by org.testng.reporters.JUnitReportReporter -->
<testsuite skipped="0" hostname="nbsc11p14w-0006" name="suite.test.ControlPanelTest" tests="3" failures="0" timestamp="05 Sep 2020 07:58:30 GMT" time="28.315" errors="0">
  <testcase name="tc_3" time="8.872" classname="suite.test.ControlPanelTest"/>
  <testcase name="tc_2" time="12.219" classname="suite.test.ControlPanelTest"/>
  <testcase name="tc_1" time="7.224" classname="suite.test.ControlPanelTest"/>
</testsuite> <!-- suite.test.ControlPanelTest -->
