<?xml version="1.0" encoding="UTF-8"?>
<!-- Generated by org.testng.reporters.JUnitReportReporter -->
<testsuite skipped="0" hostname="nbsc11p14w-0052" name="suite.test.LoginVscTest" tests="5" failures="0" timestamp="19 Aug 2020 05:02:11 GMT" time="150.706" errors="0">
  <testcase name="tc_1" time="14.914" classname="suite.test.LoginVscTest"/>
  <testcase name="tc_5" time="41.633" classname="suite.test.LoginVscTest"/>
  <testcase name="tc_2" time="29.716" classname="suite.test.LoginVscTest"/>
  <testcase name="tc_4" time="31.033" classname="suite.test.LoginVscTest"/>
  <testcase name="tc_3" time="33.410" classname="suite.test.LoginVscTest"/>
</testsuite> <!-- suite.test.LoginVscTest -->
