<?xml version="1.0" encoding="UTF-8"?>
<!-- Generated by org.testng.reporters.JUnitReportReporter -->
<testsuite skipped="0" hostname="nbsc11p14w-0006" name="suite.test.GettingStartedTest" tests="1" failures="0" timestamp="17 Sep 2020 14:52:48 GMT" time="35.398" errors="0">
  <testcase name="tc_1" time="35.398" classname="suite.test.GettingStartedTest"/>
</testsuite> <!-- suite.test.GettingStartedTest -->
