<?xml version="1.0" encoding="UTF-8"?>
<!-- Generated by org.testng.reporters.JUnitReportReporter -->
<testsuite skipped="0" hostname="nbsc11p14w-0043" name="suite.test.Demo" tests="1" failures="0" timestamp="11 Feb 2021 08:11:14 GMT" time="7.570" errors="0">
  <testcase name="tc_1" time="7.570" classname="suite.test.Demo"/>
</testsuite> <!-- suite.test.Demo -->
