<?xml version="1.0" encoding="UTF-8"?>
<!-- Generated by org.testng.reporters.JUnitReportReporter -->
<testsuite skipped="0" hostname="nbsc11p14w-0054" name="suite.test.SCPTest" tests="2" failures="0" timestamp="08 Feb 2021 08:11:27 GMT" time="52.714" errors="0">
  <testcase name="SCP_2" time="23.588" classname="suite.test.SCPTest"/>
  <testcase name="SCP_1" time="29.126" classname="suite.test.SCPTest"/>
</testsuite> <!-- suite.test.SCPTest -->
