<?xml version="1.0" encoding="UTF-8"?>
<!-- Generated by org.testng.reporters.JUnitReportReporter -->
<testsuite skipped="0" hostname="nbsc11p14w-0053" name="suite.test.DSActionsTest" tests="2" failures="0" timestamp="05 Feb 2021 10:19:56 GMT" time="50.980" errors="0">
  <testcase name="DatastoreProvision_1" time="27.144" classname="suite.test.DSActionsTest"/>
  <testcase name="DatastoreProvision_2" time="23.836" classname="suite.test.DSActionsTest"/>
</testsuite> <!-- suite.test.DSActionsTest -->
