<?xml version="1.0" encoding="UTF-8"?>
<!-- Generated by org.testng.reporters.JUnitReportReporter -->
<testsuite skipped="0" hostname="nbsc11p14w-0006" name="suite.test.LoginPageTest" tests="5" failures="0" timestamp="07 Sep 2020 06:27:43 GMT" time="211.729" errors="0">
  <testcase name="tc_1" time="25.025" classname="suite.test.LoginPageTest"/>
  <testcase name="tc_2" time="40.604" classname="suite.test.LoginPageTest"/>
  <testcase name="tc_5" time="48.955" classname="suite.test.LoginPageTest"/>
  <testcase name="tc_3" time="49.756" classname="suite.test.LoginPageTest"/>
  <testcase name="tc_4" time="47.389" classname="suite.test.LoginPageTest"/>
</testsuite> <!-- suite.test.LoginPageTest -->
